[debug] [2020-03-29T06:56:49.993Z] ----------------------------------------------------------------------
[debug] [2020-03-29T06:56:49.996Z] Command:       C:\Program Files\nodejs\node.exe C:\Users\HP\AppData\Roaming\npm\node_modules\firebase-tools\lib\bin\firebase.js init
[debug] [2020-03-29T06:56:49.996Z] CLI Version:   7.16.1
[debug] [2020-03-29T06:56:49.996Z] Platform:      win32
[debug] [2020-03-29T06:56:49.996Z] Node Version:  v12.16.1
[debug] [2020-03-29T06:56:49.997Z] Time:          Sun Mar 29 2020 12:26:49 GMT+0530 (India Standard Time)
[debug] [2020-03-29T06:56:49.998Z] ----------------------------------------------------------------------
[debug] [2020-03-29T06:56:49.998Z] 
[debug] [2020-03-29T06:56:50.006Z] > command requires scopes: ["email","openid","https://www.googleapis.com/auth/cloudplatformprojects.readonly","https://www.googleapis.com/auth/firebase","https://www.googleapis.com/auth/cloud-platform"]
[debug] [2020-03-29T06:56:50.007Z] > authorizing via signed-in user
[info] 
     ######## #### ########  ######## ########     ###     ######  ########
     ##        ##  ##     ## ##       ##     ##  ##   ##  ##       ##
     ######    ##  ########  ######   ########  #########  ######  ######
     ##        ##  ##    ##  ##       ##     ## ##     ##       ## ##
     ##       #### ##     ## ######## ########  ##     ##  ######  ########

You're about to initialize a Firebase project in this directory:

  C:\Users\HP\supermarket

[info] 
=== Project Setup
[info] 
[info] First, let's associate this project directory with a Firebase project.
[info] You can create multiple project aliases by running firebase use --add, 
[info] but for now we'll just set up a default project.
[info] 
[info] i  If you want to create a project in a Google Cloud organization or folder, please use "firebase projects:create" instead, and return to this command when you've created the project.
[debug] [2020-03-29T06:58:52.497Z] > refreshing access token with scopes: ["email","https://www.googleapis.com/auth/cloud-platform","https://www.googleapis.com/auth/cloudplatformprojects.readonly","https://www.googleapis.com/auth/firebase","openid"]
[debug] [2020-03-29T06:58:52.498Z] >>> HTTP REQUEST POST https://www.googleapis.com/oauth2/v3/token  
 <request body omitted>
[debug] [2020-03-29T06:58:52.737Z] <<< HTTP RESPONSE 200
[debug] [2020-03-29T06:58:52.807Z] >>> HTTP REQUEST POST https://cloudresourcemanager.googleapis.com/v1/projects  

[debug] [2020-03-29T06:58:54.504Z] <<< HTTP RESPONSE 400
[debug] [2020-03-29T06:58:54.504Z] <<< HTTP RESPONSE BODY
[debug] [2020-03-29T06:58:54.508Z] HTTP Error: 400, Request contains an invalid argument.
[debug] [2020-03-29T06:58:54.782Z] FirebaseError: HTTP Error: 400, Request contains an invalid argument.
    at module.exports (C:\Users\HP\AppData\Roaming\npm\node_modules\firebase-tools\lib\responseToError.js:38:12)
    at Request._callback (C:\Users\HP\AppData\Roaming\npm\node_modules\firebase-tools\lib\api.js:40:35)
    at Request.self.callback (C:\Users\HP\AppData\Roaming\npm\node_modules\firebase-tools\node_modules\request\request.js:185:22)
    at Request.emit (events.js:311:20)
    at Request.EventEmitter.emit (domain.js:482:12)
    at Request.<anonymous> (C:\Users\HP\AppData\Roaming\npm\node_modules\firebase-tools\node_modules\request\request.js:1154:10)
    at Request.emit (events.js:311:20)
    at Request.EventEmitter.emit (domain.js:482:12)
    at IncomingMessage.<anonymous> (C:\Users\HP\AppData\Roaming\npm\node_modules\firebase-tools\node_modules\request\request.js:1076:12)
    at Object.onceWrapper (events.js:417:28)
    at IncomingMessage.emit (events.js:323:22)
    at IncomingMessage.EventEmitter.emit (domain.js:482:12)
    at endReadableNT (_stream_readable.js:1204:12)
    at processTicksAndRejections (internal/process/task_queues.js:84:21)
[error] 
[error] Error: Failed to create Google Cloud project. See firebase-debug.log for more info.
[debug] [2020-03-29T06:59:00.422Z] ----------------------------------------------------------------------
[debug] [2020-03-29T06:59:00.425Z] Command:       C:\Program Files\nodejs\node.exe C:\Users\HP\AppData\Roaming\npm\node_modules\firebase-tools\lib\bin\firebase.js init
[debug] [2020-03-29T06:59:00.425Z] CLI Version:   7.16.1
[debug] [2020-03-29T06:59:00.425Z] Platform:      win32
[debug] [2020-03-29T06:59:00.425Z] Node Version:  v12.16.1
[debug] [2020-03-29T06:59:00.426Z] Time:          Sun Mar 29 2020 12:29:00 GMT+0530 (India Standard Time)
[debug] [2020-03-29T06:59:00.426Z] ----------------------------------------------------------------------
[debug] [2020-03-29T06:59:00.426Z] 
[debug] [2020-03-29T06:59:00.435Z] > command requires scopes: ["email","openid","https://www.googleapis.com/auth/cloudplatformprojects.readonly","https://www.googleapis.com/auth/firebase","https://www.googleapis.com/auth/cloud-platform"]
[debug] [2020-03-29T06:59:00.435Z] > authorizing via signed-in user
[info] 
     ######## #### ########  ######## ########     ###     ######  ########
     ##        ##  ##     ## ##       ##     ##  ##   ##  ##       ##
     ######    ##  ########  ######   ########  #########  ######  ######
     ##        ##  ##    ##  ##       ##     ## ##     ##       ## ##
     ##       #### ##     ## ######## ########  ##     ##  ######  ########

You're about to initialize a Firebase project in this directory:

  C:\Users\HP\supermarket

[info] 
=== Project Setup
[info] 
[info] First, let's associate this project directory with a Firebase project.
[info] You can create multiple project aliases by running firebase use --add, 
[info] but for now we'll just set up a default project.
[info] 
[info] i  If you want to create a project in a Google Cloud organization or folder, please use "firebase projects:create" instead, and return to this command when you've created the project.
[debug] [2020-03-29T07:00:50.391Z] >>> HTTP REQUEST POST https://cloudresourcemanager.googleapis.com/v1/projects  

[debug] [2020-03-29T07:00:52.110Z] <<< HTTP RESPONSE 400
[debug] [2020-03-29T07:00:52.112Z] <<< HTTP RESPONSE BODY
[debug] [2020-03-29T07:00:52.114Z] HTTP Error: 400, field [project_id] has issue [project_id contains invalid characters]
[debug] [2020-03-29T07:00:52.345Z] FirebaseError: HTTP Error: 400, field [project_id] has issue [project_id contains invalid characters]
    at module.exports (C:\Users\HP\AppData\Roaming\npm\node_modules\firebase-tools\lib\responseToError.js:38:12)
    at Request._callback (C:\Users\HP\AppData\Roaming\npm\node_modules\firebase-tools\lib\api.js:40:35)
    at Request.self.callback (C:\Users\HP\AppData\Roaming\npm\node_modules\firebase-tools\node_modules\request\request.js:185:22)
    at Request.emit (events.js:311:20)
    at Request.EventEmitter.emit (domain.js:482:12)
    at Request.<anonymous> (C:\Users\HP\AppData\Roaming\npm\node_modules\firebase-tools\node_modules\request\request.js:1154:10)
    at Request.emit (events.js:311:20)
    at Request.EventEmitter.emit (domain.js:482:12)
    at IncomingMessage.<anonymous> (C:\Users\HP\AppData\Roaming\npm\node_modules\firebase-tools\node_modules\request\request.js:1076:12)
    at Object.onceWrapper (events.js:417:28)
    at IncomingMessage.emit (events.js:323:22)
    at IncomingMessage.EventEmitter.emit (domain.js:482:12)
    at endReadableNT (_stream_readable.js:1204:12)
    at processTicksAndRejections (internal/process/task_queues.js:84:21)
[error] 
[error] Error: Failed to create Google Cloud project. See firebase-debug.log for more info.
